<?xml version="1.0" encoding="UTF-8"?>
<!-- Generated by org.testng.reporters.JUnitXMLReporter -->
<testsuite ignored="0" hostname="DESKTOP-872677A" failures="1" tests="1" name="Default test(failed)" time="0.034" errors="0" timestamp="2024-05-25T16:26:56 IST">
  <testcase classname="Tutoral1Package.Demo1" name="loginFunctionality" time="0.0">
    <failure type="org.testng.TestNGException" message="
Parameter &amp;apos;username&amp;apos; is required by @Test on method loginFunctionality but has not been marked @Optional or defined
in C:\Users\ABC\git\repository\SalenuimTutorail\test-output\Default suite\testng-failed.xml">
      <![CDATA[org.testng.TestNGException: 
Parameter 'username' is required by @Test on method loginFunctionality but has not been marked @Optional or defined
in C:\Users\ABC\git\repository\SalenuimTutorail\test-output\Default suite\testng-failed.xml
at java.base/java.util.ArrayList.forEach(ArrayList.java:1511)
... Removed 26 stack frames]]>
    </failure>
  </testcase> <!-- loginFunctionality -->
</testsuite> <!-- Default test(failed) -->
